{"level":"warn","message":"timestamp: 1664230648353 - url: / - method: GET - User no logueado"}
{"level":"error","message":"timestamp: 1664230652230 - Username: coderhouse - Fail Login"}
{"level":"warn","message":"timestamp: 1664230653856 - url: / - method: GET - User no logueado"}
{"level":"error","message":"timestamp: 1664230656668 - Username: oscarlper3 - Fail Login"}
{"level":"warn","message":"timestamp: 1664230659691 - url: / - method: GET - User no logueado"}
{"level":"error","message":"timestamp: 1664230668080 - Username: tito20@gmail.com - Fail Login"}
{"level":"warn","message":"timestamp: 1664230674240 - url: / - method: GET - User no logueado"}
{"level":"warn","message":"timestamp: 1664230696588 - url: / - method: GET - User no logueado"}
{"level":"warn","message":"timestamp: 1664230956664 - url: /login - method: GET - User no logueado"}
{"level":"warn","message":"timestamp: 1664230991539 - url: /login - method: GET - User no logueado"}
{"level":"warn","message":"timestamp: 1664231008108 - url: /login - method: GET - User no logueado"}
{"level":"warn","message":"timestamp: 1664231022958 - url: /login - method: GET - User no logueado"}
{"level":"warn","message":"timestamp: 1664231073436 - url: /login - method: GET - User no logueado"}
{"level":"warn","message":"timestamp: 1664231171233 - url: /login - method: GET - User no logueado"}
{"level":"warn","message":"timestamp: 1664231227064 - url: /login - method: GET - User no logueado"}
{"level":"warn","message":"timestamp: 1664231366639 - url: /login - method: GET - User no logueado"}
{"level":"warn","message":"timestamp: 1664231420552 - url: /login - method: GET - User no logueado"}
{"level":"warn","message":"timestamp: 1664231498004 - url: /login - method: GET - User no logueado"}
{"level":"error","message":"timestamp: 1664289235854 - Product table - Error: ReferenceError: tableName is not defined"}
{"level":"error","message":"timestamp: 1664289255856 - Product table - Error: ReferenceError: tableName is not defined"}
{"level":"warn","message":"timestamp: 1664289443404 - url: / - method: GET - User no logueado"}
{"level":"warn","message":"timestamp: 1664289658135 - url: /login - method: GET - User no logueado"}
{"level":"warn","message":"timestamp: 1664289669041 - url: / - method: GET - User no logueado"}
{"level":"warn","message":"timestamp: 1664289669280 - url: /login - method: GET - User no logueado"}
{"level":"warn","message":"timestamp: 1664289678435 - url: / - method: GET - User no logueado"}
{"level":"warn","message":"timestamp: 1664289920992 - url: / - method: GET - User no logueado"}
{"level":"warn","message":"timestamp: 1664289930614 - url: / - method: GET - User no logueado"}
{"level":"warn","message":"timestamp: 1664290001750 - url: /login - method: GET - User no logueado"}
{"level":"warn","message":"timestamp: 1664310506752 - url: / - method: GET - User no logueado"}
{"level":"warn","message":"timestamp: 1664310512995 - url: / - method: GET - User no logueado"}
{"level":"error","message":"timestamp: 1664310517891 - Username: dsf - Fail Login"}
{"level":"warn","message":"timestamp: 1664310573807 - url: / - method: GET - User no logueado"}
{"level":"warn","message":"timestamp: 1664310583693 - url: / - method: GET - User no logueado"}
{"level":"warn","message":"timestamp: 1664310672035 - url: / - method: GET - User no logueado"}
{"level":"warn","message":"timestamp: 1664310809468 - url: / - method: GET - User no logueado"}
{"level":"warn","message":"timestamp: 1664310895870 - url: / - method: GET - User no logueado"}
{"level":"warn","message":"timestamp: 1664311303685 - url: / - method: GET - User no logueado"}
{"level":"warn","message":"timestamp: 1664311310063 - url: / - method: GET - User no logueado"}
{"level":"error","message":"timestamp: 1664311313191 - Username: oscarlper3 - Fail Login"}
{"level":"warn","message":"timestamp: 1664311314231 - url: / - method: GET - User no logueado"}
{"level":"warn","message":"timestamp: 1664311336198 - url: / - method: GET - User no logueado"}
